<?xml version="1.0" encoding="UTF-8"?>
<!-- Generated by org.testng.reporters.JUnitXMLReporter -->
<testsuite hostname="Sai-PC" name="Test" tests="5" failures="0" timestamp="6 May 2016 03:31:59 GMT" time="29.189" errors="0">
  <testcase name="loginTest" time="21.872" classname="day24.testsuite.Login"/>
  <testcase name="findAFlightTest" time="1.997" classname="day24.testsuite.FindAFlight"/>
  <testcase name="selectFlightTest" time="2.902" classname="day24.testsuite.SelectaFlight"/>
  <testcase name="bookFlightTest" time="2.097" classname="day24.testsuite.BookAFlight"/>
  <testcase name="flightConfrim" time="0.183" classname="day24.testsuite.FlightConfirmation"/>
</testsuite> <!-- Test -->
